<?xml version="1.0" encoding="UTF-8"?>
<!-- Generated by org.testng.reporters.JUnitReportReporter -->
<testsuite skipped="0" hostname="Rebecca-PC" name="test.TestNG" tests="1" failures="0" timestamp="30 一月 2020 14:21:13 GMT" time="5.008" errors="0">
  <testcase name="googleSearch" time="5.008" classname="test.TestNG"/>
</testsuite> <!-- test.TestNG -->
