<?xml version="1.0" encoding="UTF-8"?>
<!-- Generated by org.testng.reporters.JUnitReportReporter -->
<testsuite skipped="0" hostname="Rebecca-PC" name="test.TestNG2" tests="1" failures="0" timestamp="27 一月 2020 14:25:50 GMT" time="7.820" errors="0">
  <testcase name="googleSearch3" time="7.820" classname="test.TestNG2"/>
</testsuite> <!-- test.TestNG2 -->
