<?xml version="1.0" encoding="UTF-8"?>
<!-- Generated by org.testng.reporters.JUnitReportReporter -->
<testsuite skipped="1" hostname="Rebecca-PC" name="listener.Demo2" tests="3" failures="0" timestamp="12 二月 2020 13:38:21 GMT" time="0.024" errors="0">
  <testcase name="test5" time="0.004" classname="listener.Demo2"/>
  <testcase name="test4" time="0.005" classname="listener.Demo2"/>
  <testcase name="test6" time="0.015" classname="listener.Demo2">
    <skipped/>
  </testcase> <!-- test6 -->
</testsuite> <!-- listener.Demo2 -->
