<?xml version="1.0" encoding="UTF-8"?>
<!-- Generated by org.testng.reporters.JUnitReportReporter -->
<testsuite skipped="0" hostname="Rebecca-PC" name="Demo.TestNGGroupDemo" tests="4" failures="0" timestamp="14 二月 2020 13:32:21 GMT" time="0.031" errors="0">
  <testcase name="test4" time="0.004" classname="Demo.TestNGGroupDemo"/>
  <testcase name="test3" time="0.006" classname="Demo.TestNGGroupDemo"/>
  <testcase name="test1" time="0.019" classname="Demo.TestNGGroupDemo"/>
  <testcase name="test2" time="0.002" classname="Demo.TestNGGroupDemo"/>
</testsuite> <!-- Demo.TestNGGroupDemo -->
