<?xml version="1.0" encoding="UTF-8"?>
<!-- Generated by org.testng.reporters.JUnitReportReporter -->
<testsuite skipped="0" hostname="Rebecca-PC" name="Demo.TestNGMultipleBrowserDemo" tests="3" failures="0" timestamp="13 二月 2020 13:58:54 GMT" time="15.862" errors="0">
  <testcase name="test1" time="5.121" classname="Demo.TestNGMultipleBrowserDemo"/>
  <testcase name="test1" time="5.881" classname="Demo.TestNGMultipleBrowserDemo"/>
  <testcase name="test1" time="4.860" classname="Demo.TestNGMultipleBrowserDemo"/>
</testsuite> <!-- Demo.TestNGMultipleBrowserDemo -->
