<?xml version="1.0" encoding="UTF-8"?>
<!-- Generated by org.testng.reporters.JUnitReportReporter -->
<testsuite skipped="0" hostname="Rebecca-PC" name="Demo.TestNGDependencyDemo" tests="3" failures="0" timestamp="15 二月 2020 06:21:38 GMT" time="0.047" errors="0">
  <testcase name="test2" time="0.038" classname="Demo.TestNGDependencyDemo"/>
  <testcase name="test3" time="0.004" classname="Demo.TestNGDependencyDemo"/>
  <testcase name="test1" time="0.005" classname="Demo.TestNGDependencyDemo"/>
</testsuite> <!-- Demo.TestNGDependencyDemo -->
