<?xml version="1.0" encoding="UTF-8"?>
<!-- Generated by org.testng.reporters.JUnitReportReporter -->
<testsuite skipped="0" hostname="Rebecca-PC" name="Demo.TestNGPriorityDemo" tests="3" failures="0" timestamp="12 二月 2020 14:01:39 GMT" time="0.046" errors="0">
  <testcase name="one" time="0.023" classname="Demo.TestNGPriorityDemo"/>
  <testcase name="two" time="0.004" classname="Demo.TestNGPriorityDemo"/>
  <testcase name="three" time="0.019" classname="Demo.TestNGPriorityDemo"/>
</testsuite> <!-- Demo.TestNGPriorityDemo -->
