<?xml version="1.0" encoding="UTF-8"?>
<!-- Generated by org.testng.reporters.JUnitReportReporter -->
<testsuite skipped="0" hostname="Rebecca-PC" name="Demo.TestNGParameterDemo" tests="1" failures="0" timestamp="14 二月 2020 13:44:58 GMT" time="0.022" errors="0">
  <testcase name="test" time="0.022" classname="Demo.TestNGParameterDemo"/>
</testsuite> <!-- Demo.TestNGParameterDemo -->
